<?xml version="1.0" encoding="UTF-8"?>
<testsuite xmlns:xsi="http://www.w3.org/2001/XMLSchema-instance" xsi:noNamespaceSchemaLocation="https://maven.apache.org/surefire/maven-surefire-plugin/xsd/surefire-test-report.xsd" version="3.0.2" name="cn.edu.njupt.NjuptCompetitionManagementApplicationTests" time="2.838" tests="1" errors="0" skipped="0" failures="0">
  <properties>
    <property name="java.specification.version" value="17"/>
    <property name="sun.cpu.isalist" value="amd64"/>
    <property name="sun.jnu.encoding" value="GBK"/>
    <property name="java.class.path" value="E:\WoC\WoC_backend\NJUPT-competitionManagement\target\test-classes;E:\WoC\WoC_backend\NJUPT-competitionManagement\target\classes;E:\develop\apache-maven-3.9.9\mvn_repo\org\springframework\boot\spring-boot-starter-web\3.4.1\spring-boot-starter-web-3.4.1.jar;E:\develop\apache-maven-3.9.9\mvn_repo\org\springframework\boot\spring-boot-starter\3.4.1\spring-boot-starter-3.4.1.jar;E:\develop\apache-maven-3.9.9\mvn_repo\org\springframework\boot\spring-boot\3.4.1\spring-boot-3.4.1.jar;E:\develop\apache-maven-3.9.9\mvn_repo\org\springframework\boot\spring-boot-autoconfigure\3.4.1\spring-boot-autoconfigure-3.4.1.jar;E:\develop\apache-maven-3.9.9\mvn_repo\org\springframework\boot\spring-boot-starter-logging\3.4.1\spring-boot-starter-logging-3.4.1.jar;E:\develop\apache-maven-3.9.9\mvn_repo\ch\qos\logback\logback-classic\1.5.12\logback-classic-1.5.12.jar;E:\develop\apache-maven-3.9.9\mvn_repo\ch\qos\logback\logback-core\1.5.12\logback-core-1.5.12.jar;E:\develop\apache-maven-3.9.9\mvn_repo\org\apache\logging\log4j\log4j-to-slf4j\2.24.3\log4j-to-slf4j-2.24.3.jar;E:\develop\apache-maven-3.9.9\mvn_repo\org\apache\logging\log4j\log4j-api\2.24.3\log4j-api-2.24.3.jar;E:\develop\apache-maven-3.9.9\mvn_repo\org\slf4j\jul-to-slf4j\2.0.16\jul-to-slf4j-2.0.16.jar;E:\develop\apache-maven-3.9.9\mvn_repo\jakarta\annotation\jakarta.annotation-api\2.1.1\jakarta.annotation-api-2.1.1.jar;E:\develop\apache-maven-3.9.9\mvn_repo\org\yaml\snakeyaml\2.3\snakeyaml-2.3.jar;E:\develop\apache-maven-3.9.9\mvn_repo\org\springframework\boot\spring-boot-starter-json\3.4.1\spring-boot-starter-json-3.4.1.jar;E:\develop\apache-maven-3.9.9\mvn_repo\com\fasterxml\jackson\datatype\jackson-datatype-jdk8\2.18.2\jackson-datatype-jdk8-2.18.2.jar;E:\develop\apache-maven-3.9.9\mvn_repo\com\fasterxml\jackson\datatype\jackson-datatype-jsr310\2.18.2\jackson-datatype-jsr310-2.18.2.jar;E:\develop\apache-maven-3.9.9\mvn_repo\com\fasterxml\jackson\module\jackson-module-parameter-names\2.18.2\jackson-module-parameter-names-2.18.2.jar;E:\develop\apache-maven-3.9.9\mvn_repo\org\springframework\boot\spring-boot-starter-tomcat\3.4.1\spring-boot-starter-tomcat-3.4.1.jar;E:\develop\apache-maven-3.9.9\mvn_repo\org\apache\tomcat\embed\tomcat-embed-core\10.1.34\tomcat-embed-core-10.1.34.jar;E:\develop\apache-maven-3.9.9\mvn_repo\org\apache\tomcat\embed\tomcat-embed-el\10.1.34\tomcat-embed-el-10.1.34.jar;E:\develop\apache-maven-3.9.9\mvn_repo\org\apache\tomcat\embed\tomcat-embed-websocket\10.1.34\tomcat-embed-websocket-10.1.34.jar;E:\develop\apache-maven-3.9.9\mvn_repo\org\springframework\spring-web\6.2.1\spring-web-6.2.1.jar;E:\develop\apache-maven-3.9.9\mvn_repo\org\springframework\spring-beans\6.2.1\spring-beans-6.2.1.jar;E:\develop\apache-maven-3.9.9\mvn_repo\io\micrometer\micrometer-observation\1.14.2\micrometer-observation-1.14.2.jar;E:\develop\apache-maven-3.9.9\mvn_repo\io\micrometer\micrometer-commons\1.14.2\micrometer-commons-1.14.2.jar;E:\develop\apache-maven-3.9.9\mvn_repo\org\springframework\spring-webmvc\6.2.1\spring-webmvc-6.2.1.jar;E:\develop\apache-maven-3.9.9\mvn_repo\org\springframework\spring-aop\6.2.1\spring-aop-6.2.1.jar;E:\develop\apache-maven-3.9.9\mvn_repo\org\springframework\spring-context\6.2.1\spring-context-6.2.1.jar;E:\develop\apache-maven-3.9.9\mvn_repo\org\springframework\spring-expression\6.2.1\spring-expression-6.2.1.jar;E:\develop\apache-maven-3.9.9\mvn_repo\org\mybatis\spring\boot\mybatis-spring-boot-starter\3.0.4\mybatis-spring-boot-starter-3.0.4.jar;E:\develop\apache-maven-3.9.9\mvn_repo\org\springframework\boot\spring-boot-starter-jdbc\3.4.1\spring-boot-starter-jdbc-3.4.1.jar;E:\develop\apache-maven-3.9.9\mvn_repo\com\zaxxer\HikariCP\5.1.0\HikariCP-5.1.0.jar;E:\develop\apache-maven-3.9.9\mvn_repo\org\springframework\spring-jdbc\6.2.1\spring-jdbc-6.2.1.jar;E:\develop\apache-maven-3.9.9\mvn_repo\org\mybatis\spring\boot\mybatis-spring-boot-autoconfigure\3.0.4\mybatis-spring-boot-autoconfigure-3.0.4.jar;E:\develop\apache-maven-3.9.9\mvn_repo\org\mybatis\mybatis\3.5.17\mybatis-3.5.17.jar;E:\develop\apache-maven-3.9.9\mvn_repo\org\mybatis\mybatis-spring\3.0.4\mybatis-spring-3.0.4.jar;E:\develop\apache-maven-3.9.9\mvn_repo\com\mysql\mysql-connector-j\9.1.0\mysql-connector-j-9.1.0.jar;E:\develop\apache-maven-3.9.9\mvn_repo\org\projectlombok\lombok\1.18.36\lombok-1.18.36.jar;E:\develop\apache-maven-3.9.9\mvn_repo\com\fasterxml\jackson\core\jackson-databind\2.18.2\jackson-databind-2.18.2.jar;E:\develop\apache-maven-3.9.9\mvn_repo\com\fasterxml\jackson\core\jackson-annotations\2.18.2\jackson-annotations-2.18.2.jar;E:\develop\apache-maven-3.9.9\mvn_repo\com\fasterxml\jackson\core\jackson-core\2.18.2\jackson-core-2.18.2.jar;E:\develop\apache-maven-3.9.9\mvn_repo\org\springframework\boot\spring-boot-starter-test\3.4.1\spring-boot-starter-test-3.4.1.jar;E:\develop\apache-maven-3.9.9\mvn_repo\org\springframework\boot\spring-boot-test\3.4.1\spring-boot-test-3.4.1.jar;E:\develop\apache-maven-3.9.9\mvn_repo\org\springframework\boot\spring-boot-test-autoconfigure\3.4.1\spring-boot-test-autoconfigure-3.4.1.jar;E:\develop\apache-maven-3.9.9\mvn_repo\com\jayway\jsonpath\json-path\2.9.0\json-path-2.9.0.jar;E:\develop\apache-maven-3.9.9\mvn_repo\org\slf4j\slf4j-api\2.0.16\slf4j-api-2.0.16.jar;E:\develop\apache-maven-3.9.9\mvn_repo\jakarta\xml\bind\jakarta.xml.bind-api\4.0.2\jakarta.xml.bind-api-4.0.2.jar;E:\develop\apache-maven-3.9.9\mvn_repo\jakarta\activation\jakarta.activation-api\2.1.3\jakarta.activation-api-2.1.3.jar;E:\develop\apache-maven-3.9.9\mvn_repo\net\minidev\json-smart\2.5.1\json-smart-2.5.1.jar;E:\develop\apache-maven-3.9.9\mvn_repo\net\minidev\accessors-smart\2.5.1\accessors-smart-2.5.1.jar;E:\develop\apache-maven-3.9.9\mvn_repo\org\ow2\asm\asm\9.6\asm-9.6.jar;E:\develop\apache-maven-3.9.9\mvn_repo\org\assertj\assertj-core\3.26.3\assertj-core-3.26.3.jar;E:\develop\apache-maven-3.9.9\mvn_repo\net\bytebuddy\byte-buddy\1.15.11\byte-buddy-1.15.11.jar;E:\develop\apache-maven-3.9.9\mvn_repo\org\awaitility\awaitility\4.2.2\awaitility-4.2.2.jar;E:\develop\apache-maven-3.9.9\mvn_repo\org\hamcrest\hamcrest\2.2\hamcrest-2.2.jar;E:\develop\apache-maven-3.9.9\mvn_repo\org\junit\jupiter\junit-jupiter\5.11.4\junit-jupiter-5.11.4.jar;E:\develop\apache-maven-3.9.9\mvn_repo\org\junit\jupiter\junit-jupiter-api\5.11.4\junit-jupiter-api-5.11.4.jar;E:\develop\apache-maven-3.9.9\mvn_repo\org\opentest4j\opentest4j\1.3.0\opentest4j-1.3.0.jar;E:\develop\apache-maven-3.9.9\mvn_repo\org\junit\platform\junit-platform-commons\1.11.4\junit-platform-commons-1.11.4.jar;E:\develop\apache-maven-3.9.9\mvn_repo\org\apiguardian\apiguardian-api\1.1.2\apiguardian-api-1.1.2.jar;E:\develop\apache-maven-3.9.9\mvn_repo\org\junit\jupiter\junit-jupiter-params\5.11.4\junit-jupiter-params-5.11.4.jar;E:\develop\apache-maven-3.9.9\mvn_repo\org\junit\jupiter\junit-jupiter-engine\5.11.4\junit-jupiter-engine-5.11.4.jar;E:\develop\apache-maven-3.9.9\mvn_repo\org\junit\platform\junit-platform-engine\1.11.4\junit-platform-engine-1.11.4.jar;E:\develop\apache-maven-3.9.9\mvn_repo\org\mockito\mockito-core\5.14.2\mockito-core-5.14.2.jar;E:\develop\apache-maven-3.9.9\mvn_repo\net\bytebuddy\byte-buddy-agent\1.15.11\byte-buddy-agent-1.15.11.jar;E:\develop\apache-maven-3.9.9\mvn_repo\org\objenesis\objenesis\3.3\objenesis-3.3.jar;E:\develop\apache-maven-3.9.9\mvn_repo\org\mockito\mockito-junit-jupiter\5.14.2\mockito-junit-jupiter-5.14.2.jar;E:\develop\apache-maven-3.9.9\mvn_repo\org\skyscreamer\jsonassert\1.5.3\jsonassert-1.5.3.jar;E:\develop\apache-maven-3.9.9\mvn_repo\com\vaadin\external\google\android-json\0.0.20131108.vaadin1\android-json-0.0.20131108.vaadin1.jar;E:\develop\apache-maven-3.9.9\mvn_repo\org\springframework\spring-core\6.2.1\spring-core-6.2.1.jar;E:\develop\apache-maven-3.9.9\mvn_repo\org\springframework\spring-jcl\6.2.1\spring-jcl-6.2.1.jar;E:\develop\apache-maven-3.9.9\mvn_repo\org\springframework\spring-test\6.2.1\spring-test-6.2.1.jar;E:\develop\apache-maven-3.9.9\mvn_repo\org\xmlunit\xmlunit-core\2.10.0\xmlunit-core-2.10.0.jar;E:\develop\apache-maven-3.9.9\mvn_repo\org\mybatis\spring\boot\mybatis-spring-boot-starter-test\3.0.4\mybatis-spring-boot-starter-test-3.0.4.jar;E:\develop\apache-maven-3.9.9\mvn_repo\org\mybatis\spring\boot\mybatis-spring-boot-test-autoconfigure\3.0.4\mybatis-spring-boot-test-autoconfigure-3.0.4.jar;E:\develop\apache-maven-3.9.9\mvn_repo\org\springframework\spring-tx\6.2.1\spring-tx-6.2.1.jar;E:\develop\apache-maven-3.9.9\mvn_repo\io\jsonwebtoken\jjwt-api\0.12.6\jjwt-api-0.12.6.jar;E:\develop\apache-maven-3.9.9\mvn_repo\io\jsonwebtoken\jjwt-impl\0.12.6\jjwt-impl-0.12.6.jar;E:\develop\apache-maven-3.9.9\mvn_repo\io\jsonwebtoken\jjwt-jackson\0.12.6\jjwt-jackson-0.12.6.jar;"/>
    <property name="java.vm.vendor" value="Microsoft"/>
    <property name="sun.arch.data.model" value="64"/>
    <property name="user.variant" value=""/>
    <property name="java.vendor.url" value="https://www.microsoft.com"/>
    <property name="user.timezone" value="Asia/Shanghai"/>
    <property name="os.name" value="Windows 11"/>
    <property name="java.vm.specification.version" value="17"/>
    <property name="APPLICATION_NAME" value="NJUPT-competitionManagement"/>
    <property name="sun.java.launcher" value="SUN_STANDARD"/>
    <property name="user.country" value="CN"/>
    <property name="sun.boot.library.path" value="C:\Program Files\Microsoft\jdk-17.0.12.7-hotspot\bin"/>
    <property name="sun.java.command" value="C:\Users\xuzih\AppData\Local\Temp\surefire524118368658392402\surefirebooter-20250307194701453_3.jar C:\Users\xuzih\AppData\Local\Temp\surefire524118368658392402 2025-03-07T19-47-01_278-jvmRun1 surefire-20250307194701453_1tmp surefire_0-20250307194701453_2tmp"/>
    <property name="jdk.debug" value="release"/>
    <property name="surefire.test.class.path" value="E:\WoC\WoC_backend\NJUPT-competitionManagement\target\test-classes;E:\WoC\WoC_backend\NJUPT-competitionManagement\target\classes;E:\develop\apache-maven-3.9.9\mvn_repo\org\springframework\boot\spring-boot-starter-web\3.4.1\spring-boot-starter-web-3.4.1.jar;E:\develop\apache-maven-3.9.9\mvn_repo\org\springframework\boot\spring-boot-starter\3.4.1\spring-boot-starter-3.4.1.jar;E:\develop\apache-maven-3.9.9\mvn_repo\org\springframework\boot\spring-boot\3.4.1\spring-boot-3.4.1.jar;E:\develop\apache-maven-3.9.9\mvn_repo\org\springframework\boot\spring-boot-autoconfigure\3.4.1\spring-boot-autoconfigure-3.4.1.jar;E:\develop\apache-maven-3.9.9\mvn_repo\org\springframework\boot\spring-boot-starter-logging\3.4.1\spring-boot-starter-logging-3.4.1.jar;E:\develop\apache-maven-3.9.9\mvn_repo\ch\qos\logback\logback-classic\1.5.12\logback-classic-1.5.12.jar;E:\develop\apache-maven-3.9.9\mvn_repo\ch\qos\logback\logback-core\1.5.12\logback-core-1.5.12.jar;E:\develop\apache-maven-3.9.9\mvn_repo\org\apache\logging\log4j\log4j-to-slf4j\2.24.3\log4j-to-slf4j-2.24.3.jar;E:\develop\apache-maven-3.9.9\mvn_repo\org\apache\logging\log4j\log4j-api\2.24.3\log4j-api-2.24.3.jar;E:\develop\apache-maven-3.9.9\mvn_repo\org\slf4j\jul-to-slf4j\2.0.16\jul-to-slf4j-2.0.16.jar;E:\develop\apache-maven-3.9.9\mvn_repo\jakarta\annotation\jakarta.annotation-api\2.1.1\jakarta.annotation-api-2.1.1.jar;E:\develop\apache-maven-3.9.9\mvn_repo\org\yaml\snakeyaml\2.3\snakeyaml-2.3.jar;E:\develop\apache-maven-3.9.9\mvn_repo\org\springframework\boot\spring-boot-starter-json\3.4.1\spring-boot-starter-json-3.4.1.jar;E:\develop\apache-maven-3.9.9\mvn_repo\com\fasterxml\jackson\datatype\jackson-datatype-jdk8\2.18.2\jackson-datatype-jdk8-2.18.2.jar;E:\develop\apache-maven-3.9.9\mvn_repo\com\fasterxml\jackson\datatype\jackson-datatype-jsr310\2.18.2\jackson-datatype-jsr310-2.18.2.jar;E:\develop\apache-maven-3.9.9\mvn_repo\com\fasterxml\jackson\module\jackson-module-parameter-names\2.18.2\jackson-module-parameter-names-2.18.2.jar;E:\develop\apache-maven-3.9.9\mvn_repo\org\springframework\boot\spring-boot-starter-tomcat\3.4.1\spring-boot-starter-tomcat-3.4.1.jar;E:\develop\apache-maven-3.9.9\mvn_repo\org\apache\tomcat\embed\tomcat-embed-core\10.1.34\tomcat-embed-core-10.1.34.jar;E:\develop\apache-maven-3.9.9\mvn_repo\org\apache\tomcat\embed\tomcat-embed-el\10.1.34\tomcat-embed-el-10.1.34.jar;E:\develop\apache-maven-3.9.9\mvn_repo\org\apache\tomcat\embed\tomcat-embed-websocket\10.1.34\tomcat-embed-websocket-10.1.34.jar;E:\develop\apache-maven-3.9.9\mvn_repo\org\springframework\spring-web\6.2.1\spring-web-6.2.1.jar;E:\develop\apache-maven-3.9.9\mvn_repo\org\springframework\spring-beans\6.2.1\spring-beans-6.2.1.jar;E:\develop\apache-maven-3.9.9\mvn_repo\io\micrometer\micrometer-observation\1.14.2\micrometer-observation-1.14.2.jar;E:\develop\apache-maven-3.9.9\mvn_repo\io\micrometer\micrometer-commons\1.14.2\micrometer-commons-1.14.2.jar;E:\develop\apache-maven-3.9.9\mvn_repo\org\springframework\spring-webmvc\6.2.1\spring-webmvc-6.2.1.jar;E:\develop\apache-maven-3.9.9\mvn_repo\org\springframework\spring-aop\6.2.1\spring-aop-6.2.1.jar;E:\develop\apache-maven-3.9.9\mvn_repo\org\springframework\spring-context\6.2.1\spring-context-6.2.1.jar;E:\develop\apache-maven-3.9.9\mvn_repo\org\springframework\spring-expression\6.2.1\spring-expression-6.2.1.jar;E:\develop\apache-maven-3.9.9\mvn_repo\org\mybatis\spring\boot\mybatis-spring-boot-starter\3.0.4\mybatis-spring-boot-starter-3.0.4.jar;E:\develop\apache-maven-3.9.9\mvn_repo\org\springframework\boot\spring-boot-starter-jdbc\3.4.1\spring-boot-starter-jdbc-3.4.1.jar;E:\develop\apache-maven-3.9.9\mvn_repo\com\zaxxer\HikariCP\5.1.0\HikariCP-5.1.0.jar;E:\develop\apache-maven-3.9.9\mvn_repo\org\springframework\spring-jdbc\6.2.1\spring-jdbc-6.2.1.jar;E:\develop\apache-maven-3.9.9\mvn_repo\org\mybatis\spring\boot\mybatis-spring-boot-autoconfigure\3.0.4\mybatis-spring-boot-autoconfigure-3.0.4.jar;E:\develop\apache-maven-3.9.9\mvn_repo\org\mybatis\mybatis\3.5.17\mybatis-3.5.17.jar;E:\develop\apache-maven-3.9.9\mvn_repo\org\mybatis\mybatis-spring\3.0.4\mybatis-spring-3.0.4.jar;E:\develop\apache-maven-3.9.9\mvn_repo\com\mysql\mysql-connector-j\9.1.0\mysql-connector-j-9.1.0.jar;E:\develop\apache-maven-3.9.9\mvn_repo\org\projectlombok\lombok\1.18.36\lombok-1.18.36.jar;E:\develop\apache-maven-3.9.9\mvn_repo\com\fasterxml\jackson\core\jackson-databind\2.18.2\jackson-databind-2.18.2.jar;E:\develop\apache-maven-3.9.9\mvn_repo\com\fasterxml\jackson\core\jackson-annotations\2.18.2\jackson-annotations-2.18.2.jar;E:\develop\apache-maven-3.9.9\mvn_repo\com\fasterxml\jackson\core\jackson-core\2.18.2\jackson-core-2.18.2.jar;E:\develop\apache-maven-3.9.9\mvn_repo\org\springframework\boot\spring-boot-starter-test\3.4.1\spring-boot-starter-test-3.4.1.jar;E:\develop\apache-maven-3.9.9\mvn_repo\org\springframework\boot\spring-boot-test\3.4.1\spring-boot-test-3.4.1.jar;E:\develop\apache-maven-3.9.9\mvn_repo\org\springframework\boot\spring-boot-test-autoconfigure\3.4.1\spring-boot-test-autoconfigure-3.4.1.jar;E:\develop\apache-maven-3.9.9\mvn_repo\com\jayway\jsonpath\json-path\2.9.0\json-path-2.9.0.jar;E:\develop\apache-maven-3.9.9\mvn_repo\org\slf4j\slf4j-api\2.0.16\slf4j-api-2.0.16.jar;E:\develop\apache-maven-3.9.9\mvn_repo\jakarta\xml\bind\jakarta.xml.bind-api\4.0.2\jakarta.xml.bind-api-4.0.2.jar;E:\develop\apache-maven-3.9.9\mvn_repo\jakarta\activation\jakarta.activation-api\2.1.3\jakarta.activation-api-2.1.3.jar;E:\develop\apache-maven-3.9.9\mvn_repo\net\minidev\json-smart\2.5.1\json-smart-2.5.1.jar;E:\develop\apache-maven-3.9.9\mvn_repo\net\minidev\accessors-smart\2.5.1\accessors-smart-2.5.1.jar;E:\develop\apache-maven-3.9.9\mvn_repo\org\ow2\asm\asm\9.6\asm-9.6.jar;E:\develop\apache-maven-3.9.9\mvn_repo\org\assertj\assertj-core\3.26.3\assertj-core-3.26.3.jar;E:\develop\apache-maven-3.9.9\mvn_repo\net\bytebuddy\byte-buddy\1.15.11\byte-buddy-1.15.11.jar;E:\develop\apache-maven-3.9.9\mvn_repo\org\awaitility\awaitility\4.2.2\awaitility-4.2.2.jar;E:\develop\apache-maven-3.9.9\mvn_repo\org\hamcrest\hamcrest\2.2\hamcrest-2.2.jar;E:\develop\apache-maven-3.9.9\mvn_repo\org\junit\jupiter\junit-jupiter\5.11.4\junit-jupiter-5.11.4.jar;E:\develop\apache-maven-3.9.9\mvn_repo\org\junit\jupiter\junit-jupiter-api\5.11.4\junit-jupiter-api-5.11.4.jar;E:\develop\apache-maven-3.9.9\mvn_repo\org\opentest4j\opentest4j\1.3.0\opentest4j-1.3.0.jar;E:\develop\apache-maven-3.9.9\mvn_repo\org\junit\platform\junit-platform-commons\1.11.4\junit-platform-commons-1.11.4.jar;E:\develop\apache-maven-3.9.9\mvn_repo\org\apiguardian\apiguardian-api\1.1.2\apiguardian-api-1.1.2.jar;E:\develop\apache-maven-3.9.9\mvn_repo\org\junit\jupiter\junit-jupiter-params\5.11.4\junit-jupiter-params-5.11.4.jar;E:\develop\apache-maven-3.9.9\mvn_repo\org\junit\jupiter\junit-jupiter-engine\5.11.4\junit-jupiter-engine-5.11.4.jar;E:\develop\apache-maven-3.9.9\mvn_repo\org\junit\platform\junit-platform-engine\1.11.4\junit-platform-engine-1.11.4.jar;E:\develop\apache-maven-3.9.9\mvn_repo\org\mockito\mockito-core\5.14.2\mockito-core-5.14.2.jar;E:\develop\apache-maven-3.9.9\mvn_repo\net\bytebuddy\byte-buddy-agent\1.15.11\byte-buddy-agent-1.15.11.jar;E:\develop\apache-maven-3.9.9\mvn_repo\org\objenesis\objenesis\3.3\objenesis-3.3.jar;E:\develop\apache-maven-3.9.9\mvn_repo\org\mockito\mockito-junit-jupiter\5.14.2\mockito-junit-jupiter-5.14.2.jar;E:\develop\apache-maven-3.9.9\mvn_repo\org\skyscreamer\jsonassert\1.5.3\jsonassert-1.5.3.jar;E:\develop\apache-maven-3.9.9\mvn_repo\com\vaadin\external\google\android-json\0.0.20131108.vaadin1\android-json-0.0.20131108.vaadin1.jar;E:\develop\apache-maven-3.9.9\mvn_repo\org\springframework\spring-core\6.2.1\spring-core-6.2.1.jar;E:\develop\apache-maven-3.9.9\mvn_repo\org\springframework\spring-jcl\6.2.1\spring-jcl-6.2.1.jar;E:\develop\apache-maven-3.9.9\mvn_repo\org\springframework\spring-test\6.2.1\spring-test-6.2.1.jar;E:\develop\apache-maven-3.9.9\mvn_repo\org\xmlunit\xmlunit-core\2.10.0\xmlunit-core-2.10.0.jar;E:\develop\apache-maven-3.9.9\mvn_repo\org\mybatis\spring\boot\mybatis-spring-boot-starter-test\3.0.4\mybatis-spring-boot-starter-test-3.0.4.jar;E:\develop\apache-maven-3.9.9\mvn_repo\org\mybatis\spring\boot\mybatis-spring-boot-test-autoconfigure\3.0.4\mybatis-spring-boot-test-autoconfigure-3.0.4.jar;E:\develop\apache-maven-3.9.9\mvn_repo\org\springframework\spring-tx\6.2.1\spring-tx-6.2.1.jar;E:\develop\apache-maven-3.9.9\mvn_repo\io\jsonwebtoken\jjwt-api\0.12.6\jjwt-api-0.12.6.jar;E:\develop\apache-maven-3.9.9\mvn_repo\io\jsonwebtoken\jjwt-impl\0.12.6\jjwt-impl-0.12.6.jar;E:\develop\apache-maven-3.9.9\mvn_repo\io\jsonwebtoken\jjwt-jackson\0.12.6\jjwt-jackson-0.12.6.jar;"/>
    <property name="sun.cpu.endian" value="little"/>
    <property name="user.home" value="C:\Users\xuzih"/>
    <property name="user.language" value="zh"/>
    <property name="java.specification.vendor" value="Oracle Corporation"/>
    <property name="java.version.date" value="2024-07-16"/>
    <property name="java.home" value="C:\Program Files\Microsoft\jdk-17.0.12.7-hotspot"/>
    <property name="file.separator" value="\"/>
    <property name="basedir" value="E:\WoC\WoC_backend\NJUPT-competitionManagement"/>
    <property name="java.vm.compressedOopsMode" value="Zero based"/>
    <property name="line.separator" value="&#10;"/>
    <property name="java.vm.specification.vendor" value="Oracle Corporation"/>
    <property name="java.specification.name" value="Java Platform API Specification"/>
    <property name="FILE_LOG_CHARSET" value="GBK"/>
    <property name="java.awt.headless" value="true"/>
    <property name="surefire.real.class.path" value="C:\Users\xuzih\AppData\Local\Temp\surefire524118368658392402\surefirebooter-20250307194701453_3.jar"/>
    <property name="user.script" value=""/>
    <property name="sun.management.compiler" value="HotSpot 64-Bit Tiered Compilers"/>
    <property name="java.runtime.version" value="17.0.12+7-LTS"/>
    <property name="user.name" value="xuzih"/>
    <property name="path.separator" value=";"/>
    <property name="os.version" value="10.0"/>
    <property name="java.runtime.name" value="OpenJDK Runtime Environment"/>
    <property name="file.encoding" value="GBK"/>
    <property name="java.vm.name" value="OpenJDK 64-Bit Server VM"/>
    <property name="java.vendor.version" value="Microsoft-9889599"/>
    <property name="localRepository" value="E:\develop\apache-maven-3.9.9\mvn_repo"/>
    <property name="java.vendor.url.bug" value="https://github.com/microsoft/openjdk/issues"/>
    <property name="java.io.tmpdir" value="C:\Users\xuzih\AppData\Local\Temp\"/>
    <property name="idea.version" value="2024.2.3"/>
    <property name="java.version" value="17.0.12"/>
    <property name="user.dir" value="E:\WoC\WoC_backend\NJUPT-competitionManagement"/>
    <property name="os.arch" value="amd64"/>
    <property name="java.vm.specification.name" value="Java Virtual Machine Specification"/>
    <property name="PID" value="37140"/>
    <property name="sun.os.patch.level" value=""/>
    <property name="CONSOLE_LOG_CHARSET" value="GBK"/>
    <property name="native.encoding" value="GBK"/>
    <property name="java.library.path" value="C:\Program Files\Microsoft\jdk-17.0.12.7-hotspot\bin;C:\WINDOWS\Sun\Java\bin;C:\WINDOWS\system32;C:\WINDOWS;C:\Python313\Scripts\;C:\Python313\;C:\Program Files\Microsoft\jdk-17.0.12.7-hotspot\bin;C:\Windows\system32;C:\Windows;C:\Windows\System32\Wbem;C:\Windows\System32\WindowsPowerShell\v1.0\;C:\Windows\System32\OpenSSH\;C:\Program Files (x86)\NVIDIA Corporation\PhysX\Common;C:\Program Files\dotnet\;D:\Tailscale\;C:\Program Files (x86)\Windows Kits\10\Windows Performance Toolkit\;C:\Program Files\Tailscale\;C:\Strawberry\c\bin;C:\Strawberry\perl\site\bin;C:\Strawberry\perl\bin;E:\develop\apache-maven-3.9.9\bin;E:\develop\mysql-9.1.0-winx64\bin;C:\ProgramData\chocolatey\bin;E:\nodejs\;D:\Git\cmd;C:\WINDOWS\system32;C:\WINDOWS;C:\WINDOWS\System32\Wbem;C:\WINDOWS\System32\WindowsPowerShell\v1.0\;C:\WINDOWS\System32\OpenSSH\;C:\Program Files\NVIDIA Corporation\NVIDIA app\NvDLISR;C:\Users\xuzih\AppData\Local\Programs\Python\Launcher\;C:\Users\xuzih\AppData\Local\Microsoft\WindowsApps;C:\Users\xuzih\.dotnet\tools;C:\Program Files\JetBrains\IntelliJ IDEA Community Edition 2024.2.3\bin;E:\develop\apache-maven-3.9.9\bin;;E:\Microsoft VS Code\bin;E:\DataGrip 2024.3.3\bin;;C:\Users\xuzih\AppData\Roaming\npm;E:\nodejs\npm;;C:\Users\xuzih\AppData\Local\Programs\Ollama;."/>
    <property name="java.vm.info" value="mixed mode, sharing"/>
    <property name="java.vendor" value="Microsoft"/>
    <property name="java.vm.version" value="17.0.12+7-LTS"/>
    <property name="sun.io.unicode.encoding" value="UnicodeLittle"/>
    <property name="java.class.version" value="61.0"/>
    <property name="LOGGED_APPLICATION_NAME" value="[NJUPT-competitionManagement] "/>
  </properties>
  <testcase name="contextLoads" classname="cn.edu.njupt.NjuptCompetitionManagementApplicationTests" time="0.652">
    <system-out><![CDATA[19:47:02,026 |-INFO in ch.qos.logback.classic.LoggerContext[default] - This is logback-classic version 1.5.12
19:47:02,027 |-INFO in ch.qos.logback.classic.util.ContextInitializer@4a00d9cf - Here is a list of configurators discovered as a service, by rank: 
19:47:02,027 |-INFO in ch.qos.logback.classic.util.ContextInitializer@4a00d9cf -   org.springframework.boot.logging.logback.RootLogLevelConfigurator
19:47:02,027 |-INFO in ch.qos.logback.classic.util.ContextInitializer@4a00d9cf - They will be invoked in order until ExecutionStatus.DO_NOT_INVOKE_NEXT_IF_ANY is returned.
19:47:02,027 |-INFO in ch.qos.logback.classic.util.ContextInitializer@4a00d9cf - Constructed configurator of type class org.springframework.boot.logging.logback.RootLogLevelConfigurator
19:47:02,032 |-INFO in ch.qos.logback.classic.util.ContextInitializer@4a00d9cf - org.springframework.boot.logging.logback.RootLogLevelConfigurator.configure() call lasted 1 milliseconds. ExecutionStatus=INVOKE_NEXT_IF_ANY
19:47:02,032 |-INFO in ch.qos.logback.classic.util.ContextInitializer@4a00d9cf - Trying to configure with ch.qos.logback.classic.joran.SerializedModelConfigurator
19:47:02,033 |-INFO in ch.qos.logback.classic.util.ContextInitializer@4a00d9cf - Constructed configurator of type class ch.qos.logback.classic.joran.SerializedModelConfigurator
19:47:02,034 |-INFO in ch.qos.logback.classic.LoggerContext[default] - Could NOT find resource [logback-test.scmo]
19:47:02,034 |-INFO in ch.qos.logback.classic.LoggerContext[default] - Could NOT find resource [logback.scmo]
19:47:02,034 |-INFO in ch.qos.logback.classic.util.ContextInitializer@4a00d9cf - ch.qos.logback.classic.joran.SerializedModelConfigurator.configure() call lasted 1 milliseconds. ExecutionStatus=INVOKE_NEXT_IF_ANY
19:47:02,034 |-INFO in ch.qos.logback.classic.util.ContextInitializer@4a00d9cf - Trying to configure with ch.qos.logback.classic.util.DefaultJoranConfigurator
19:47:02,034 |-INFO in ch.qos.logback.classic.util.ContextInitializer@4a00d9cf - Constructed configurator of type class ch.qos.logback.classic.util.DefaultJoranConfigurator
19:47:02,035 |-INFO in ch.qos.logback.classic.LoggerContext[default] - Could NOT find resource [logback-test.xml]
19:47:02,037 |-INFO in ch.qos.logback.classic.LoggerContext[default] - Found resource [logback.xml] at [file:/E:/WoC/WoC_backend/NJUPT-competitionManagement/target/classes/logback.xml]
19:47:02,117 |-INFO in ch.qos.logback.core.model.processor.AppenderModelHandler - Processing appender named [STDOUT]
19:47:02,118 |-INFO in ch.qos.logback.core.model.processor.AppenderModelHandler - About to instantiate appender of type [ch.qos.logback.core.ConsoleAppender]
19:47:02,138 |-WARN in ch.qos.logback.core.model.processor.AppenderModelHandler - Appender named [FILE] not referenced. Skipping further processing.
19:47:02,138 |-INFO in ch.qos.logback.classic.model.processor.RootLoggerModelHandler - Setting level of ROOT logger to INFO
19:47:02,138 |-INFO in ch.qos.logback.core.model.processor.AppenderRefModelHandler - Attaching appender named [STDOUT] to Logger[ROOT]
19:47:02,138 |-INFO in ch.qos.logback.core.model.processor.DefaultProcessor@6736fa8d - End of configuration.
19:47:02,139 |-INFO in ch.qos.logback.classic.joran.JoranConfigurator@52815fa3 - Registering current configuration as safe fallback point
19:47:02,139 |-INFO in ch.qos.logback.classic.util.ContextInitializer@4a00d9cf - ch.qos.logback.classic.util.DefaultJoranConfigurator.configure() call lasted 105 milliseconds. ExecutionStatus=DO_NOT_INVOKE_NEXT_IF_ANY

2025-03-07 19:47:02.20 [main] INFO  o.s.t.c.support.AnnotationConfigContextLoaderUtils - Could not detect default configuration classes for test class [cn.edu.njupt.NjuptCompetitionManagementApplicationTests]: NjuptCompetitionManagementApplicationTests does not declare any static, non-private, non-final, nested classes annotated with @Configuration.
2025-03-07 19:47:02.30 [main] INFO  o.s.b.t.context.SpringBootTestContextBootstrapper - Found @SpringBootConfiguration cn.edu.njupt.NjuptCompetitionManagementApplication for test class cn.edu.njupt.NjuptCompetitionManagementApplicationTests
19:47:02,572 |-INFO in ch.qos.logback.core.model.processor.AppenderModelHandler - Processing appender named [STDOUT]
19:47:02,572 |-INFO in ch.qos.logback.core.model.processor.AppenderModelHandler - About to instantiate appender of type [ch.qos.logback.core.ConsoleAppender]
19:47:02,572 |-WARN in ch.qos.logback.core.model.processor.AppenderModelHandler - Appender named [FILE] not referenced. Skipping further processing.
19:47:02,572 |-INFO in ch.qos.logback.classic.model.processor.RootLoggerModelHandler - Setting level of ROOT logger to INFO
19:47:02,572 |-INFO in ch.qos.logback.classic.jul.LevelChangePropagator@720653c2 - Propagating INFO level on Logger[ROOT] onto the JUL framework
19:47:02,572 |-INFO in ch.qos.logback.core.model.processor.AppenderRefModelHandler - Attaching appender named [STDOUT] to Logger[ROOT]
19:47:02,572 |-INFO in ch.qos.logback.core.model.processor.DefaultProcessor@45f24169 - End of configuration.
19:47:02,572 |-INFO in org.springframework.boot.logging.logback.SpringBootJoranConfigurator@6ad5923a - Registering current configuration as safe fallback point


  .   ____          _            __ _ _
 /\\ / ___'_ __ _ _(_)_ __  __ _ \ \ \ \
( ( )\___ | '_ | '_| | '_ \/ _` | \ \ \ \
 \\/  ___)| |_)| | | | | || (_| |  ) ) ) )
  '  |____| .__|_| |_|_| |_\__, | / / / /
 =========|_|==============|___/=/_/_/_/

 :: Spring Boot ::                (v3.4.1)

2025-03-07 19:47:02.63 [main] INFO  c.e.n.NjuptCompetitionManagementApplicationTests - Starting NjuptCompetitionManagementApplicationTests using Java 17.0.12 with PID 37140 (started by xuzih in E:\WoC\WoC_backend\NJUPT-competitionManagement)
2025-03-07 19:47:02.63 [main] INFO  c.e.n.NjuptCompetitionManagementApplicationTests - No active profile set, falling back to 1 default profile: "default"
2025-03-07 19:47:04.15 [main] INFO  c.e.n.NjuptCompetitionManagementApplicationTests - Started NjuptCompetitionManagementApplicationTests in 1.734 seconds (process running for 2.599)
]]></system-out>
  </testcase>
</testsuite>